2018-10-02 20:01:13,775 INFO o.a.j.u.JMeterUtils: Setting Locale to en_EN
2018-10-02 20:01:13,824 INFO o.a.j.JMeter: Loading user properties from: user.properties
2018-10-02 20:01:13,825 INFO o.a.j.JMeter: Loading system properties from: system.properties
2018-10-02 20:01:13,835 INFO o.a.j.JMeter: Copyright (c) 1998-2018 The Apache Software Foundation
2018-10-02 20:01:13,835 INFO o.a.j.JMeter: Version 5.0 r1840935
2018-10-02 20:01:13,835 INFO o.a.j.JMeter: java.version=1.8.0_162
2018-10-02 20:01:13,835 INFO o.a.j.JMeter: java.vm.name=Java HotSpot(TM) 64-Bit Server VM
2018-10-02 20:01:13,835 INFO o.a.j.JMeter: os.name=Mac OS X
2018-10-02 20:01:13,835 INFO o.a.j.JMeter: os.arch=x86_64
2018-10-02 20:01:13,835 INFO o.a.j.JMeter: os.version=10.14
2018-10-02 20:01:13,835 INFO o.a.j.JMeter: file.encoding=UTF-8
2018-10-02 20:01:13,835 INFO o.a.j.JMeter: Max memory     =1073741824
2018-10-02 20:01:13,836 INFO o.a.j.JMeter: Available Processors =2
2018-10-02 20:01:13,849 INFO o.a.j.JMeter: Default Locale=English (EN)
2018-10-02 20:01:13,850 INFO o.a.j.JMeter: JMeter  Locale=English (EN)
2018-10-02 20:01:13,850 INFO o.a.j.JMeter: JMeterHome=/Users/logics/proyectos/apache-jmeter-5.0
2018-10-02 20:01:13,850 INFO o.a.j.JMeter: user.dir  =/Users/logics/proyectos/apache-jmeter-5.0/bin
2018-10-02 20:01:13,850 INFO o.a.j.JMeter: PWD       =/Users/logics/proyectos/apache-jmeter-5.0/bin
2018-10-02 20:01:23,860 INFO o.a.j.JMeter: IP: fe80:0:0:0:33f9:cada:5612:339d%11 Name: MacBook-Pro.local FullName: fe80:0:0:0:33f9:cada:5612:339d%11
2018-10-02 20:01:27,132 INFO o.a.j.g.a.LookAndFeelCommand: Installing Darcula LAF
2018-10-02 20:01:27,222 INFO o.a.j.g.a.LookAndFeelCommand: Using look and feel: com.bulenkov.darcula.DarculaLaf [Darcula]
2018-10-02 20:01:27,222 INFO o.a.j.JMeter: Setting LAF to: com.bulenkov.darcula.DarculaLaf
2018-10-02 20:01:27,374 INFO o.a.j.JMeter: Loaded icon properties from org/apache/jmeter/images/icon.properties
2018-10-02 20:01:28,606 INFO o.a.j.e.u.CompoundVariable: Note: Function class names must contain the string: '.functions.'
2018-10-02 20:01:28,606 INFO o.a.j.e.u.CompoundVariable: Note: Function class names must not contain the string: '.gui.'
2018-10-02 20:01:31,533 INFO o.a.j.p.h.s.HTTPSamplerBase: Parser for text/html is org.apache.jmeter.protocol.http.parser.LagartoBasedHtmlParser
2018-10-02 20:01:31,535 INFO o.a.j.p.h.s.HTTPSamplerBase: Parser for application/xhtml+xml is org.apache.jmeter.protocol.http.parser.LagartoBasedHtmlParser
2018-10-02 20:01:31,535 INFO o.a.j.p.h.s.HTTPSamplerBase: Parser for application/xml is org.apache.jmeter.protocol.http.parser.LagartoBasedHtmlParser
2018-10-02 20:01:31,535 INFO o.a.j.p.h.s.HTTPSamplerBase: Parser for text/xml is org.apache.jmeter.protocol.http.parser.LagartoBasedHtmlParser
2018-10-02 20:01:31,535 INFO o.a.j.p.h.s.HTTPSamplerBase: Parser for text/vnd.wap.wml is org.apache.jmeter.protocol.http.parser.RegexpHTMLParser
2018-10-02 20:01:31,535 INFO o.a.j.p.h.s.HTTPSamplerBase: Parser for text/css is org.apache.jmeter.protocol.http.parser.CssParser
2018-10-02 20:01:32,203 INFO o.a.j.e.KeyToolUtils: keytool found at 'keytool'
2018-10-02 20:01:32,204 INFO o.a.j.p.h.p.ProxyControl: HTTP(S) Test Script Recorder SSL Proxy will use keys that support embedded 3rd party resources in file /Users/logics/proyectos/apache-jmeter-5.0/bin/proxyserver.jks
2018-10-02 20:01:32,495 INFO o.a.j.s.FileServer: Default base='/Users/logics/proyectos/apache-jmeter-5.0/bin'
2018-10-02 20:01:32,993 INFO o.a.j.s.SampleResult: Note: Sample TimeStamps are START times
2018-10-02 20:01:32,994 INFO o.a.j.s.SampleResult: sampleresult.default.encoding is set to ISO-8859-1
2018-10-02 20:01:32,994 INFO o.a.j.s.SampleResult: sampleresult.useNanoTime=true
2018-10-02 20:01:32,994 INFO o.a.j.s.SampleResult: sampleresult.nanoThreadSleep=5000
2018-10-02 20:05:25,765 INFO o.a.j.g.a.Load: Loading file: /Users/logics/proyectos/wizeline/jmeter-performance/qa-academy-performance/api_tests.jmx
2018-10-02 20:05:25,768 INFO o.a.j.s.FileServer: Set new base='/Users/logics/proyectos/wizeline/jmeter-performance/qa-academy-performance'
2018-10-02 20:05:26,152 INFO o.a.j.s.SaveService: Testplan (JMX) version: 2.2. Testlog (JTL) version: 2.2
2018-10-02 20:05:26,185 INFO o.a.j.s.SaveService: Using SaveService properties file encoding UTF-8
2018-10-02 20:05:26,188 INFO o.a.j.s.SaveService: Using SaveService properties version 5.0
2018-10-02 20:05:26,192 INFO o.a.j.s.SaveService: Loading file: /Users/logics/proyectos/wizeline/jmeter-performance/qa-academy-performance/api_tests.jmx
2018-10-02 20:05:26,447 INFO o.a.j.s.FileServer: Set new base='/Users/logics/proyectos/wizeline/jmeter-performance/qa-academy-performance'
